<?xml version="1.0" encoding="UTF-8"?>
<!-- Generated by org.testng.reporters.JUnitReportReporter -->
<testsuite hostname="DESKTOP-JP1Q2UE" failures="0" tests="1" name="com.qa.testcases.PIMPageTest" time="19.277" errors="0" timestamp="2024-07-19T12:28:17 IST" skipped="0">
  <testcase classname="com.qa.testcases.PIMPageTest" name="PIM_init" time="19.277"/>
  <system-out/>
</testsuite> <!-- com.qa.testcases.PIMPageTest -->
