<?xml version="1.0" encoding="UTF-8"?>
<!-- Generated by org.testng.reporters.JUnitReportReporter -->
<testsuite hostname="DESKTOP-JP1Q2UE" failures="0" tests="2" name="com.qa.testcases.ClaimPageTest" time="14.300" errors="0" timestamp="2024-07-19T16:45:27 IST" skipped="1">
  <testcase classname="com.qa.testcases.ClaimPageTest" name="Claims" time="14.300"/>
  <system-out/>
  <testcase classname="com.qa.testcases.ClaimPageTest" name="Claim_init" time="0.000">
    <skipped/>
  </testcase> <!-- Claim_init -->
  <system-out/>
</testsuite> <!-- com.qa.testcases.ClaimPageTest -->
