<?xml version="1.0" encoding="UTF-8"?>
<!-- Generated by org.testng.reporters.JUnitReportReporter -->
<testsuite hostname="DESKTOP-JP1Q2UE" failures="0" tests="2" name="com.qa.testcases.Dashboardpage" time="27.268" errors="0" timestamp="2024-07-18T14:19:18 IST" skipped="0">
  <testcase classname="com.qa.testcases.Dashboardpage" name="Dashboard_init" time="11.740"/>
  <system-out/>
  <testcase classname="com.qa.testcases.Dashboardpage" name="Dashboard_Elem" time="15.528"/>
  <system-out/>
</testsuite> <!-- com.qa.testcases.Dashboardpage -->
