<?xml version="1.0" encoding="UTF-8"?>
<!-- Generated by org.testng.reporters.JUnitReportReporter -->
<testsuite hostname="DESKTOP-JP1Q2UE" failures="0" tests="1" name="com.qa.testcases.LoginPageTest" time="11.723" errors="0" timestamp="2024-07-18T13:48:43 IST" skipped="0">
  <testcase classname="com.qa.testcases.LoginPageTest" name="Login" time="11.723"/>
  <system-out/>
</testsuite> <!-- com.qa.testcases.LoginPageTest -->
